Common types creation
=====================
Drop type L3_chr_arr

Type dropped.

Drop type L2_chr_arr

Type dropped.

Create type L1_chr_arr

Type created.

Create type L2_chr_arr

Type created.

Create type L3_chr_arr

Type created.


Synonym created.


Grant succeeded.


Synonym created.


Grant succeeded.


Synonym created.


Grant succeeded.

Create type L1_num_arr

Type created.


Synonym created.


Grant succeeded.

Common tables creation
======================
Create table log_headers

Table dropped.


Table dropped.


Table created.

Insert the default log header

1 row created.


Synonym created.


Grant succeeded.


Sequence dropped.


Sequence created.


Synonym created.


Grant succeeded.

Create table log_lines

Table created.


Synonym created.


Grant succeeded.


Sequence dropped.


Sequence created.


Synonym created.


Grant succeeded.

Packages creation
=================
Create package Utils

Package created.

No errors.

Synonym created.


Grant succeeded.


Package body created.

No errors.
Create package Timer_Set

Package created.

No errors.

Grant succeeded.


Synonym created.


Package body created.

No errors.
Create package Utils_TT

Package created.

No errors.

Synonym created.


Grant succeeded.


Package body created.

No errors.
HR Types creation
=================
Input types creation

Type dropped.


Type created.


Type created.

Output types creation

Type dropped.


Type created.


Type created.

HR synonyms AND views creation
==============================
CREATE SYNONYM departments FOR hr.departments
               *
ERROR at line 1:
ORA-00955: name is already used by an existing object


CREATE SYNONYM employees_seq FOR hr.employees_seq
               *
ERROR at line 1:
ORA-00955: name is already used by an existing object


employees view

View created.

err$_employees view

View created.

hr_test_view_v view

View created.

HR Packages creation
====================
Create package DML_API_TT_HR

Package created.

No errors.

Package created.


Package body created.

No errors.
Create package Emp_WS

Package created.


Package body created.

No errors.
Create package TT_Emp_WS

Package created.


Package body created.

No errors.
Create package TT_View_Drivers

Package created.


Package body created.

Create employees_et

Table dropped.


Table created.

Create batch_jobs

Table dropped.


Table dropped.


Table created.

Seed batch_jobs record for load_employees

1 row created.

Create job_statistics

Table created.


Sequence dropped.


Sequence created.

job_statistics_v view

View created.

Create DML_API_Bren package

Package created.

No errors.

Package body created.

No errors.
Create DML_API_TT_Bren package

Package created.

No errors.

Package body created.

No errors.
Create Emp_Batch package

Package created.

No errors.

Package body created.

No errors.
Create Emp_Batch package

Package created.

No errors.

Package body created.

No errors.
